0 info it worked if it ends with ok
1 verbose cli [ '/usr/local/Cellar/node/5.0.0/bin/node',
1 verbose cli   '/usr/local/bin/npm',
1 verbose cli   'run',
1 verbose cli   'deploy' ]
2 info using npm@3.3.9
3 info using node@v5.0.0
4 verbose run-script [ 'predeploy', 'deploy', 'postdeploy' ]
5 info lifecycle zhishi@1.0.0~predeploy: zhishi@1.0.0
6 silly lifecycle zhishi@1.0.0~predeploy: no script for predeploy, continuing
7 info lifecycle zhishi@1.0.0~deploy: zhishi@1.0.0
8 verbose lifecycle zhishi@1.0.0~deploy: unsafe-perm in lifecycle true
9 verbose lifecycle zhishi@1.0.0~deploy: PATH: /usr/local/lib/node_modules/npm/bin/node-gyp-bin:/Users/cent_amadi/Documents/Projects/flux/zhishi/node_modules/.bin:/Users/cent_amadi/bin:/usr/local/bin:/Users/cent_amadi/bin:/usr/local/bin:/Users/cent_amadi/.rvm/gems/ruby-2.2.1/bin:/Users/cent_amadi/.rvm/gems/ruby-2.2.1@global/bin:/Users/cent_amadi/.rvm/rubies/ruby-2.2.1/bin:/usr/local/share/npm/bin:/Users/cent_amadi/bin:/usr/local/bin:/usr/local/bin:/usr/bin:/bin:/usr/sbin:/sbin:/Users/cent_amadi/.rvm/bin
10 verbose lifecycle zhishi@1.0.0~deploy: CWD: /Users/cent_amadi/Documents/Projects/flux/zhishi
11 silly lifecycle zhishi@1.0.0~deploy: Args: [ '-c', 'node production-server.js' ]
12 silly lifecycle zhishi@1.0.0~deploy: Returned: code: 1  signal: null
13 info lifecycle zhishi@1.0.0~deploy: Failed to exec deploy script
14 verbose stack Error: zhishi@1.0.0 deploy: `node production-server.js`
14 verbose stack Exit status 1
14 verbose stack     at EventEmitter.<anonymous> (/usr/local/lib/node_modules/npm/lib/utils/lifecycle.js:233:16)
14 verbose stack     at emitTwo (events.js:87:13)
14 verbose stack     at EventEmitter.emit (events.js:172:7)
14 verbose stack     at ChildProcess.<anonymous> (/usr/local/lib/node_modules/npm/lib/utils/spawn.js:24:14)
14 verbose stack     at emitTwo (events.js:87:13)
14 verbose stack     at ChildProcess.emit (events.js:172:7)
14 verbose stack     at maybeClose (internal/child_process.js:818:16)
14 verbose stack     at Process.ChildProcess._handle.onexit (internal/child_process.js:211:5)
15 verbose pkgid zhishi@1.0.0
16 verbose cwd /Users/cent_amadi/Documents/Projects/flux/zhishi
17 error Darwin 15.2.0
18 error argv "/usr/local/Cellar/node/5.0.0/bin/node" "/usr/local/bin/npm" "run" "deploy"
19 error node v5.0.0
20 error npm  v3.3.9
21 error code ELIFECYCLE
22 error zhishi@1.0.0 deploy: `node production-server.js`
22 error Exit status 1
23 error Failed at the zhishi@1.0.0 deploy script 'node production-server.js'.
23 error This is most likely a problem with the zhishi package,
23 error not with npm itself.
23 error Tell the author that this fails on your system:
23 error     node production-server.js
23 error You can get their info via:
23 error     npm owner ls zhishi
23 error There is likely additional logging output above.
24 verbose exit [ 1, true ]
